0 info it worked if it ends with ok
1 verbose cli [ '/usr/bin/node', '/usr/bin/npm', 'install', 'mongodb', '-g' ]
2 info using npm@1.4.28
3 info using node@v0.10.38
4 verbose cache add [ 'mongodb', null ]
5 verbose cache add name=undefined spec="mongodb" args=["mongodb",null]
6 verbose parsed url { protocol: null,
6 verbose parsed url   slashes: null,
6 verbose parsed url   auth: null,
6 verbose parsed url   host: null,
6 verbose parsed url   port: null,
6 verbose parsed url   hostname: null,
6 verbose parsed url   hash: null,
6 verbose parsed url   search: null,
6 verbose parsed url   query: null,
6 verbose parsed url   pathname: 'mongodb',
6 verbose parsed url   path: 'mongodb',
6 verbose parsed url   href: 'mongodb' }
7 silly lockFile 7f1c982e-mongodb mongodb
8 verbose lock mongodb /home/ulrikbf/.npm/7f1c982e-mongodb.lock
9 silly lockFile 7f1c982e-mongodb mongodb
10 silly lockFile 7f1c982e-mongodb mongodb
11 verbose addNamed [ 'mongodb', '' ]
12 verbose addNamed [ null, '*' ]
13 silly lockFile 886df635-mongodb mongodb@
14 verbose lock mongodb@ /home/ulrikbf/.npm/886df635-mongodb.lock
15 silly addNameRange { name: 'mongodb', range: '*', hasData: false }
16 verbose request where is /mongodb
17 verbose request registry https://registry.npmjs.org/
18 verbose request id 5631571ebb60417d
19 verbose url raw /mongodb
20 verbose url resolving [ 'https://registry.npmjs.org/', './mongodb' ]
21 verbose url resolved https://registry.npmjs.org/mongodb
22 verbose request where is https://registry.npmjs.org/mongodb
23 info trying registry request attempt 1 at 14:24:10
24 http GET https://registry.npmjs.org/mongodb
25 http 200 https://registry.npmjs.org/mongodb
26 silly registry.get cb [ 200,
26 silly registry.get   { server: 'CouchDB/1.5.0 (Erlang OTP/R16B03)',
26 silly registry.get     etag: '"19NJNZ23M2JUL356R59NJVAJV"',
26 silly registry.get     'content-type': 'application/json',
26 silly registry.get     'cache-control': 'max-age=60',
26 silly registry.get     'content-length': '460464',
26 silly registry.get     'accept-ranges': 'bytes',
26 silly registry.get     date: 'Tue, 09 Jun 2015 12:24:10 GMT',
26 silly registry.get     via: '1.1 varnish',
26 silly registry.get     age: '6',
26 silly registry.get     connection: 'keep-alive',
26 silly registry.get     'x-served-by': 'cache-fra1231-FRA',
26 silly registry.get     'x-cache': 'HIT',
26 silly registry.get     'x-cache-hits': '2',
26 silly registry.get     'x-timer': 'S1433852650.454078,VS0,VE0',
26 silly registry.get     vary: 'Accept' } ]
27 silly addNameRange number 2 { name: 'mongodb', range: '*', hasData: true }
28 silly addNameRange versions [ 'mongodb',
28 silly addNameRange   [ '0.9.4',
28 silly addNameRange     '0.9.4-4',
28 silly addNameRange     '0.9.3',
28 silly addNameRange     '0.9.1',
28 silly addNameRange     '0.9.2',
28 silly addNameRange     '0.9.6-7',
28 silly addNameRange     '0.9.6-8',
28 silly addNameRange     '0.9.6-9',
28 silly addNameRange     '0.9.6-10',
28 silly addNameRange     '0.9.6-11',
28 silly addNameRange     '0.9.6-12',
28 silly addNameRange     '0.9.6-13',
28 silly addNameRange     '0.9.6-14',
28 silly addNameRange     '0.9.6-15',
28 silly addNameRange     '0.9.6-16',
28 silly addNameRange     '0.9.6-17',
28 silly addNameRange     '0.9.6-18',
28 silly addNameRange     '0.9.6-19',
28 silly addNameRange     '0.9.6-20',
28 silly addNameRange     '0.9.6-21',
28 silly addNameRange     '0.9.6-22',
28 silly addNameRange     '0.9.6-23',
28 silly addNameRange     '0.9.7',
28 silly addNameRange     '0.9.7-0',
28 silly addNameRange     '0.9.7-1',
28 silly addNameRange     '0.9.7-1.1',
28 silly addNameRange     '0.9.7-1.2',
28 silly addNameRange     '0.9.7-1.3',
28 silly addNameRange     '0.9.7-1.4',
28 silly addNameRange     '0.9.7-2',
28 silly addNameRange     '0.9.7-2-1',
28 silly addNameRange     '0.9.7-2-2',
28 silly addNameRange     '0.9.7-2-3',
28 silly addNameRange     '0.9.7-2-4',
28 silly addNameRange     '0.9.7-2-5',
28 silly addNameRange     '0.9.7-3',
28 silly addNameRange     '0.9.7-3-1',
28 silly addNameRange     '0.9.7-3-2',
28 silly addNameRange     '0.9.7-3-3',
28 silly addNameRange     '0.9.7-3-4',
28 silly addNameRange     '0.9.7-3-5',
28 silly addNameRange     '0.9.8',
28 silly addNameRange     '0.9.8-1',
28 silly addNameRange     '0.9.8-2',
28 silly addNameRange     '0.9.8-3',
28 silly addNameRange     '0.9.8-4',
28 silly addNameRange     '0.9.8-5',
28 silly addNameRange     '0.9.8-6',
28 silly addNameRange     '0.9.8-7',
28 silly addNameRange     '0.9.9',
28 silly addNameRange     '0.9.9-1',
28 silly addNameRange     '0.9.9-2',
28 silly addNameRange     '0.9.9-3',
28 silly addNameRange     '0.9.9-4',
28 silly addNameRange     '0.9.9-5',
28 silly addNameRange     '0.9.9-6',
28 silly addNameRange     '0.9.9-7',
28 silly addNameRange     '0.9.9-8',
28 silly addNameRange     '1.0.0',
28 silly addNameRange     '1.0.1',
28 silly addNameRange     '1.0.2',
28 silly addNameRange     '1.1.0-beta',
28 silly addNameRange     '1.1.0',
28 silly addNameRange     '1.1.1',
28 silly addNameRange     '1.1.2',
28 silly addNameRange     '1.1.3',
28 silly addNameRange     '1.1.4',
28 silly addNameRange     '1.1.5',
28 silly addNameRange     '1.1.6',
28 silly addNameRange     '1.1.7',
28 silly addNameRange     '1.1.8',
28 silly addNameRange     '1.1.9',
28 silly addNameRange     '1.1.10',
28 silly addNameRange     '1.1.11',
28 silly addNameRange     '1.2.0',
28 silly addNameRange     '1.2.1',
28 silly addNameRange     '1.2.2',
28 silly addNameRange     '1.2.3',
28 silly addNameRange     '1.2.4',
28 silly addNameRange     '1.2.5',
28 silly addNameRange     '1.2.6',
28 silly addNameRange     '1.2.7',
28 silly addNameRange     '1.2.8',
28 silly addNameRange     '1.2.9',
28 silly addNameRange     '1.2.10',
28 silly addNameRange     '1.2.11',
28 silly addNameRange     '1.2.12',
28 silly addNameRange     '1.2.13',
28 silly addNameRange     '1.2.14',
28 silly addNameRange     '1.3.0',
28 silly addNameRange     '1.3.1',
28 silly addNameRange     '1.3.2',
28 silly addNameRange     '1.3.3',
28 silly addNameRange     '1.3.4',
28 silly addNameRange     '1.3.5',
28 silly addNameRange     '1.3.6',
28 silly addNameRange     '1.3.7',
28 silly addNameRange     '1.3.8',
28 silly addNameRange     '1.3.9',
28 silly addNameRange     '1.3.10',
28 silly addNameRange     '1.3.11',
28 silly addNameRange     '1.3.12',
28 silly addNameRange     '1.3.14',
28 silly addNameRange     '1.3.15',
28 silly addNameRange     '1.3.17',
28 silly addNameRange     '1.3.18',
28 silly addNameRange     '1.3.19',
28 silly addNameRange     '1.4.0-rc2',
28 silly addNameRange     '1.3.20',
28 silly addNameRange     '1.4.0-rc3',
28 silly addNameRange     '1.3.21',
28 silly addNameRange     '1.3.22',
28 silly addNameRange     '1.3.23',
28 silly addNameRange     '1.4.0-rc4',
28 silly addNameRange     '1.4.0-rc5',
28 silly addNameRange     '1.4.0-rc6',
28 silly addNameRange     '1.4.0-rc7',
28 silly addNameRange     '1.4.0-rc8',
28 silly addNameRange     '1.4.0-rc9',
28 silly addNameRange     '1.4.0-rc10',
28 silly addNameRange     '1.4.0',
28 silly addNameRange     '1.4.1',
28 silly addNameRange     '1.4.2',
28 silly addNameRange     '1.4.3',
28 silly addNameRange     '1.4.4',
28 silly addNameRange     '1.4.5',
28 silly addNameRange     '1.4.6',
28 silly addNameRange     '1.4.7',
28 silly addNameRange     '1.4.8',
28 silly addNameRange     '1.4.9',
28 silly addNameRange     '1.4.10',
28 silly addNameRange     '2.0.0-alpha1',
28 silly addNameRange     '1.4.11',
28 silly addNameRange     '1.4.12',
28 silly addNameRange     '1.4.14',
28 silly addNameRange     '1.4.15',
28 silly addNameRange     '1.4.16',
28 silly addNameRange     '1.4.17',
28 silly addNameRange     '2.0.0-alpha2',
28 silly addNameRange     '1.4.18',
28 silly addNameRange     '2.0.0',
28 silly addNameRange     '2.0.1',
28 silly addNameRange     '2.0.2',
28 silly addNameRange     '1.4.19',
28 silly addNameRange     '2.0.3',
28 silly addNameRange     '2.0.4',
28 silly addNameRange     '2.0.5',
28 silly addNameRange     '2.0.6',
28 silly addNameRange     '1.4.20',
28 silly addNameRange     '1.4.22',
28 silly addNameRange     '2.0.7',
28 silly addNameRange     '2.0.8',
28 silly addNameRange     '2.0.9',
28 silly addNameRange     '1.4.23',
28 silly addNameRange     '2.0.10',
28 silly addNameRange     '1.4.24',
28 silly addNameRange     '2.0.11',
28 silly addNameRange     '1.4.25',
28 silly addNameRange     '2.0.12',
28 silly addNameRange     '1.4.26',
28 silly addNameRange     '1.4.27',
28 silly addNameRange     '1.4.28',
28 silly addNameRange     '2.0.13',
28 silly addNameRange     '2.0.14',
28 silly addNameRange     '1.4.29',
28 silly addNameRange     '2.0.15',
28 silly addNameRange     '1.4.30',
28 silly addNameRange     '2.0.16',
28 silly addNameRange     '1.4.31',
28 silly addNameRange     '2.0.17',
28 silly addNameRange     '1.4.32',
28 silly addNameRange     '2.0.18',
28 silly addNameRange     '2.0.19',
28 silly addNameRange     '1.4.33',
28 silly addNameRange     '2.0.20',
28 silly addNameRange     '2.0.21',
28 silly addNameRange     '1.4.34',
28 silly addNameRange     '2.0.22',
28 silly addNameRange     '2.0.23',
28 silly addNameRange     '1.4.35',
28 silly addNameRange     '2.0.24',
28 silly addNameRange     '2.0.25',
28 silly addNameRange     '2.0.26',
28 silly addNameRange     '2.0.27',
28 silly addNameRange     '2.0.28',
28 silly addNameRange     '2.0.29',
28 silly addNameRange     '1.4.36',
28 silly addNameRange     '2.0.30',
28 silly addNameRange     '1.4.37',
28 silly addNameRange     '2.0.31',
28 silly addNameRange     '1.4.38',
28 silly addNameRange     '2.0.32',
28 silly addNameRange     '2.0.33',
28 silly addNameRange     '2.1.0-alpha' ] ]
29 verbose addNamed [ 'mongodb', '2.0.33' ]
30 verbose addNamed [ '2.0.33', '2.0.33' ]
31 silly lockFile d5cd724b-mongodb-2-0-33 mongodb@2.0.33
32 verbose lock mongodb@2.0.33 /home/ulrikbf/.npm/d5cd724b-mongodb-2-0-33.lock
33 silly lockFile 3c181c54-s-org-mongodb-mongodb-2-0-33-tgz https://registry.npmjs.org/mongodb/-/mongodb-2.0.33.tgz
34 verbose lock https://registry.npmjs.org/mongodb/-/mongodb-2.0.33.tgz /home/ulrikbf/.npm/3c181c54-s-org-mongodb-mongodb-2-0-33-tgz.lock
35 verbose addRemoteTarball [ 'https://registry.npmjs.org/mongodb/-/mongodb-2.0.33.tgz',
35 verbose addRemoteTarball   '0ff6918c003423f92ca76e85da1624080359f313' ]
36 info retry fetch attempt 1 at 14:24:10
37 verbose fetch to= /tmp/npm-15345-SzAknA3H/registry.npmjs.org/mongodb/-/mongodb-2.0.33.tgz
38 http GET https://registry.npmjs.org/mongodb/-/mongodb-2.0.33.tgz
39 http 200 https://registry.npmjs.org/mongodb/-/mongodb-2.0.33.tgz
40 silly lockFile 3c181c54-s-org-mongodb-mongodb-2-0-33-tgz https://registry.npmjs.org/mongodb/-/mongodb-2.0.33.tgz
41 silly lockFile 3c181c54-s-org-mongodb-mongodb-2-0-33-tgz https://registry.npmjs.org/mongodb/-/mongodb-2.0.33.tgz
42 silly lockFile d5cd724b-mongodb-2-0-33 mongodb@2.0.33
43 silly lockFile d5cd724b-mongodb-2-0-33 mongodb@2.0.33
44 silly lockFile 886df635-mongodb mongodb@
45 silly lockFile 886df635-mongodb mongodb@
46 silly resolved [ { name: 'mongodb',
46 silly resolved     version: '2.0.33',
46 silly resolved     description: 'MongoDB legacy driver emulation layer on top of mongodb-core',
46 silly resolved     main: 'index.js',
46 silly resolved     repository:
46 silly resolved      { type: 'git',
46 silly resolved        url: 'git@github.com:mongodb/node-mongodb-native.git' },
46 silly resolved     keywords: [ 'mongodb', 'driver', 'legacy' ],
46 silly resolved     dependencies: { 'mongodb-core': '1.1.32', 'readable-stream': '1.0.31' },
46 silly resolved     devDependencies:
46 silly resolved      { integra: '0.1.8',
46 silly resolved        optimist: '0.6.1',
46 silly resolved        bson: '~0.3',
46 silly resolved        jsdoc: '3.3.0-beta3',
46 silly resolved        semver: '4.1.0',
46 silly resolved        rimraf: '2.2.6',
46 silly resolved        gleak: '0.5.0',
46 silly resolved        'mongodb-version-manager': '^0.5.0',
46 silly resolved        'mongodb-tools': '~1.0' },
46 silly resolved     author: { name: 'Christian Kvalheim' },
46 silly resolved     license: 'Apache 2.0',
46 silly resolved     bugs: { url: 'https://github.com/mongodb/node-mongodb-native/issues' },
46 silly resolved     scripts: { test: 'node test/runner.js -t functional' },
46 silly resolved     homepage: 'https://github.com/mongodb/node-mongodb-native',
46 silly resolved     gitHead: '711c2564985232e04323f3fdc75ddfe329e19989',
46 silly resolved     _id: 'mongodb@2.0.33',
46 silly resolved     _shasum: '0ff6918c003423f92ca76e85da1624080359f313',
46 silly resolved     _from: 'mongodb@',
46 silly resolved     _npmVersion: '2.7.6',
46 silly resolved     _nodeVersion: '1.7.1',
46 silly resolved     _npmUser: { name: 'christkv', email: 'christkv@gmail.com' },
46 silly resolved     maintainers: [ [Object] ],
46 silly resolved     dist:
46 silly resolved      { shasum: '0ff6918c003423f92ca76e85da1624080359f313',
46 silly resolved        tarball: 'http://registry.npmjs.org/mongodb/-/mongodb-2.0.33.tgz' },
46 silly resolved     directories: {},
46 silly resolved     _resolved: 'https://registry.npmjs.org/mongodb/-/mongodb-2.0.33.tgz' } ]
47 info install mongodb@2.0.33 into /usr/lib
48 info installOne mongodb@2.0.33
49 verbose lib/node_modules/mongodb unbuild
50 verbose tar unpack /home/ulrikbf/.npm/mongodb/2.0.33/package.tgz
51 silly lockFile d9c59bfd-tar-usr-lib-node-modules-mongodb tar:///usr/lib/node_modules/mongodb
52 verbose lock tar:///usr/lib/node_modules/mongodb /home/ulrikbf/.npm/d9c59bfd-tar-usr-lib-node-modules-mongodb.lock
53 silly lockFile 8b6a4962-f-npm-mongodb-2-0-33-package-tgz tar:///home/ulrikbf/.npm/mongodb/2.0.33/package.tgz
54 verbose lock tar:///home/ulrikbf/.npm/mongodb/2.0.33/package.tgz /home/ulrikbf/.npm/8b6a4962-f-npm-mongodb-2-0-33-package-tgz.lock
55 silly gunzTarPerm modes [ '775', '664' ]
56 error Error: EACCES, mkdir '/usr/lib/node_modules/mongodb'
56 error  { [Error: EACCES, mkdir '/usr/lib/node_modules/mongodb']
56 error   errno: 3,
56 error   code: 'EACCES',
56 error   path: '/usr/lib/node_modules/mongodb',
56 error   fstream_type: 'Directory',
56 error   fstream_path: '/usr/lib/node_modules/mongodb',
56 error   fstream_class: 'DirWriter',
56 error   fstream_stack:
56 error    [ '/usr/lib/node_modules/npm/node_modules/fstream/lib/dir-writer.js:36:23',
56 error      '/usr/lib/node_modules/npm/node_modules/mkdirp/index.js:46:53',
56 error      'Object.oncomplete (fs.js:108:15)' ] }
57 error Please try running this command again as root/Administrator.
58 error System Linux 4.0.4-303.fc22.x86_64
59 error command "/usr/bin/node" "/usr/bin/npm" "install" "mongodb" "-g"
60 error cwd /home/ulrikbf/Node/testing6.0/public/javascript
61 error node -v v0.10.38
62 error npm -v 1.4.28
63 error path /usr/lib/node_modules/mongodb
64 error fstream_path /usr/lib/node_modules/mongodb
65 error fstream_type Directory
66 error fstream_class DirWriter
67 error code EACCES
68 error errno 3
69 error stack Error: EACCES, mkdir '/usr/lib/node_modules/mongodb'
70 error fstream_stack /usr/lib/node_modules/npm/node_modules/fstream/lib/dir-writer.js:36:23
70 error fstream_stack /usr/lib/node_modules/npm/node_modules/mkdirp/index.js:46:53
70 error fstream_stack Object.oncomplete (fs.js:108:15)
71 verbose exit [ 3, true ]
